#
# There is insufficient memory for the Java Runtime Environment to continue.
# Native memory allocation (mmap) failed to map 266338304 bytes. Error detail: G1 virtual space
# Possible reasons:
#   The system is out of physical RAM or swap space
#   This process is running with CompressedOops enabled, and the Java Heap may be blocking the growth of the native heap
# Possible solutions:
#   Reduce memory load on the system
#   Increase physical memory or swap space
#   Check if swap backing store is full
#   Decrease Java heap size (-Xmx/-Xms)
#   Decrease number of Java threads
#   Decrease Java thread stack sizes (-Xss)
#   Set larger code cache with -XX:ReservedCodeCacheSize=
#   JVM is running with Unscaled Compressed Oops mode in which the Java heap is
#     placed in the first 4GB address space. The Java Heap base address is the
#     maximum limit for the native heap growth. Please use -XX:HeapBaseMinAddress
#     to set the Java Heap base and to place the Java Heap above 4GB virtual address.
# This output file may be truncated or incomplete.
#
#  Out of Memory Error (os_windows.cpp:3815), pid=760, tid=4284
#
# JRE version: OpenJDK Runtime Environment (21.0.3) (build 21.0.3+-12282718-b509.11)
# Java VM: OpenJDK 64-Bit Server VM (21.0.3+-12282718-b509.11, mixed mode, tiered, compressed oops, compressed class ptrs, g1 gc, windows-amd64)
# Core dump will be written. Default location: C:\Users\Administrator\AndroidStudioProjects\SplashBrowser\hs_err_pid760.mdmp
#

---------------  S U M M A R Y ------------

Command Line: --add-opens=java.base/java.lang=ALL-UNNAMED --add-opens=java.base/java.lang.invoke=ALL-UNNAMED --add-opens=java.base/java.util=ALL-UNNAMED --add-opens=java.prefs/java.util.prefs=ALL-UNNAMED --add-exports=jdk.compiler/com.sun.tools.javac.api=ALL-UNNAMED --add-exports=jdk.compiler/com.sun.tools.javac.util=ALL-UNNAMED --add-opens=java.base/java.util=ALL-UNNAMED --add-opens=java.prefs/java.util.prefs=ALL-UNNAMED --add-opens=java.base/java.nio.charset=ALL-UNNAMED --add-opens=java.base/java.net=ALL-UNNAMED --add-opens=java.base/java.util.concurrent.atomic=ALL-UNNAMED --add-opens=java.xml/javax.xml.namespace=ALL-UNNAMED -Xmx2048m -Dfile.encoding=UTF-8 -Duser.country=US -Duser.language=en -Duser.variant -javaagent:C:\Users\Administrator\.gradle\wrapper\dists\gradle-8.11.1-bin\bpt9gzteqjrbo1mjrsomdt32c\gradle-8.11.1\lib\agents\gradle-instrumentation-agent-8.11.1.jar org.gradle.launcher.daemon.bootstrap.GradleDaemon 8.11.1

Host: Intel(R) Xeon(R) Platinum 8259CL CPU @ 2.50GHz, 2 cores, 1G,  Windows Server 2016 , 64 bit Build 14393 (10.0.14393.7330)
Time: Fri Jan 24 02:23:05 2025 Coordinated Universal Time elapsed time: 479.681331 seconds (0d 0h 7m 59s)

---------------  T H R E A D  ---------------

Current thread (0x000001fd47b4d1c0):  VMThread "VM Thread"          [id=4284, stack(0x00000027c1b00000,0x00000027c1c00000) (1024K)]

Stack: [0x00000027c1b00000,0x00000027c1c00000]
Native frames: (J=compiled Java code, j=interpreted, Vv=VM code, C=native code)
V  [jvm.dll+0x6cafb9]
V  [jvm.dll+0x858523]
V  [jvm.dll+0x85aa7e]
V  [jvm.dll+0x85b163]
V  [jvm.dll+0x27d356]
V  [jvm.dll+0x6c7865]
V  [jvm.dll+0x6bbd3a]
V  [jvm.dll+0x35199b]
V  [jvm.dll+0x3595d6]
V  [jvm.dll+0x3aa826]
V  [jvm.dll+0x3aaaf8]
V  [jvm.dll+0x3240bc]
V  [jvm.dll+0x324147]
V  [jvm.dll+0x36a00c]
V  [jvm.dll+0x36879e]
V  [jvm.dll+0x3237c1]
V  [jvm.dll+0x367eb0]
V  [jvm.dll+0x860ac8]
V  [jvm.dll+0x861bc4]
V  [jvm.dll+0x862100]
V  [jvm.dll+0x862393]
V  [jvm.dll+0x800d78]
V  [jvm.dll+0x6c98cd]
C  [ucrtbase.dll+0x1fb80]
C  [KERNEL32.DLL+0x84d4]
C  [ntdll.dll+0x51a11]

VM_Operation (0x00000027c34fe4b0): G1CollectForAllocation, mode: safepoint, requested by thread 0x000001fd648933d0


---------------  P R O C E S S  ---------------

Threads class SMR info:
_java_thread_list=0x000001fd66d43d60, length=37, elements={
0x000001fd4598bd90, 0x000001fd5e5ce890, 0x000001fd5e5868e0, 0x000001fd5e5bc590,
0x000001fd5e6c40a0, 0x000001fd5e6c4710, 0x000001fd5e6c5170, 0x000001fd5e6c5f00,
0x000001fd5e6c69a0, 0x000001fd5e8138e0, 0x000001fd5e9f3aa0, 0x000001fd6315f990,
0x000001fd6468a2a0, 0x000001fd63352040, 0x000001fd638f7140, 0x000001fd63b5e4a0,
0x000001fd63b5fcf0, 0x000001fd64891990, 0x000001fd648926b0, 0x000001fd64891300,
0x000001fd64892d40, 0x000001fd6488ff50, 0x000001fd648933d0, 0x000001fd64892020,
0x000001fd648905e0, 0x000001fd65f5bfc0, 0x000001fd65f5d370, 0x000001fd65f5edb0,
0x000001fd65f5b2a0, 0x000001fd65f5a580, 0x000001fd65f5ac10, 0x000001fd65f607f0,
0x000001fd65f5da00, 0x000001fd65f5c650, 0x000001fd65f5fad0, 0x000001fd65f60160,
0x000001fd65f5cce0
}

Java Threads: ( => current thread )
  0x000001fd4598bd90 JavaThread "main"                              [_thread_blocked, id=2532, stack(0x00000027c1400000,0x00000027c1500000) (1024K)]
  0x000001fd5e5ce890 JavaThread "Reference Handler"          daemon [_thread_blocked, id=2776, stack(0x00000027c1c00000,0x00000027c1d00000) (1024K)]
  0x000001fd5e5868e0 JavaThread "Finalizer"                  daemon [_thread_blocked, id=5536, stack(0x00000027c1d00000,0x00000027c1e00000) (1024K)]
  0x000001fd5e5bc590 JavaThread "Signal Dispatcher"          daemon [_thread_blocked, id=5600, stack(0x00000027c1e00000,0x00000027c1f00000) (1024K)]
  0x000001fd5e6c40a0 JavaThread "Attach Listener"            daemon [_thread_blocked, id=5392, stack(0x00000027c1f00000,0x00000027c2000000) (1024K)]
  0x000001fd5e6c4710 JavaThread "Service Thread"             daemon [_thread_blocked, id=2524, stack(0x00000027c2000000,0x00000027c2100000) (1024K)]
  0x000001fd5e6c5170 JavaThread "Monitor Deflation Thread"   daemon [_thread_blocked, id=5616, stack(0x00000027c2100000,0x00000027c2200000) (1024K)]
  0x000001fd5e6c5f00 JavaThread "C2 CompilerThread0"         daemon [_thread_blocked, id=3460, stack(0x00000027c2200000,0x00000027c2300000) (1024K)]
  0x000001fd5e6c69a0 JavaThread "C1 CompilerThread0"         daemon [_thread_blocked, id=188, stack(0x00000027c2300000,0x00000027c2400000) (1024K)]
  0x000001fd5e8138e0 JavaThread "Common-Cleaner"             daemon [_thread_blocked, id=2528, stack(0x00000027c2400000,0x00000027c2500000) (1024K)]
  0x000001fd5e9f3aa0 JavaThread "Notification Thread"        daemon [_thread_blocked, id=1708, stack(0x00000027c2500000,0x00000027c2600000) (1024K)]
  0x000001fd6315f990 JavaThread "Daemon health stats"               [_thread_blocked, id=3156, stack(0x00000027c2800000,0x00000027c2900000) (1024K)]
  0x000001fd6468a2a0 JavaThread "Incoming local TCP Connector on port 51730"        [_thread_in_native, id=3564, stack(0x00000027c2900000,0x00000027c2a00000) (1024K)]
  0x000001fd63352040 JavaThread "Daemon periodic checks"            [_thread_blocked, id=5740, stack(0x00000027c2b00000,0x00000027c2c00000) (1024K)]
  0x000001fd638f7140 JavaThread "Daemon"                            [_thread_blocked, id=5152, stack(0x00000027c2c00000,0x00000027c2d00000) (1024K)]
  0x000001fd63b5e4a0 JavaThread "Handler for socket connection from /127.0.0.1:51730 to /127.0.0.1:51736"        [_thread_in_native, id=5524, stack(0x00000027c2d00000,0x00000027c2e00000) (1024K)]
  0x000001fd63b5fcf0 JavaThread "Cancel handler"                    [_thread_blocked, id=2572, stack(0x00000027c2e00000,0x00000027c2f00000) (1024K)]
  0x000001fd64891990 JavaThread "Daemon worker"                     [_thread_blocked, id=5400, stack(0x00000027c2f00000,0x00000027c3000000) (1024K)]
  0x000001fd648926b0 JavaThread "Asynchronous log dispatcher for DefaultDaemonConnection: socket connection from /127.0.0.1:51730 to /127.0.0.1:51736"        [_thread_blocked, id=68, stack(0x00000027c3000000,0x00000027c3100000) (1024K)]
  0x000001fd64891300 JavaThread "Stdin handler"                     [_thread_blocked, id=5620, stack(0x00000027c3100000,0x00000027c3200000) (1024K)]
  0x000001fd64892d40 JavaThread "Daemon client event forwarder"        [_thread_blocked, id=6000, stack(0x00000027c3200000,0x00000027c3300000) (1024K)]
  0x000001fd6488ff50 JavaThread "Cache worker for journal cache (C:\Users\Administrator\.gradle\caches\journal-1)"        [_thread_blocked, id=5196, stack(0x00000027c3300000,0x00000027c3400000) (1024K)]
  0x000001fd648933d0 JavaThread "File lock request listener"        [_thread_blocked, id=3916, stack(0x00000027c3400000,0x00000027c3500000) (1024K)]
  0x000001fd64892020 JavaThread "Cache worker for file hash cache (C:\Users\Administrator\.gradle\caches\8.11.1\fileHashes)"        [_thread_blocked, id=5084, stack(0x00000027c3500000,0x00000027c3600000) (1024K)]
  0x000001fd648905e0 JavaThread "File lock release action executor"        [_thread_blocked, id=2148, stack(0x00000027c3600000,0x00000027c3700000) (1024K)]
  0x000001fd65f5bfc0 JavaThread "Cache worker for file content cache (C:\Users\Administrator\.gradle\caches\8.11.1\fileContent)"        [_thread_blocked, id=5112, stack(0x00000027c3700000,0x00000027c3800000) (1024K)]
  0x000001fd65f5d370 JavaThread "Cache worker for file hash cache (C:\Users\Administrator\AndroidStudioProjects\SplashBrowser\.gradle\8.11.1\fileHashes)"        [_thread_blocked, id=1820, stack(0x00000027c3800000,0x00000027c3900000) (1024K)]
  0x000001fd65f5edb0 JavaThread "Cache worker for Build Output Cleanup Cache (C:\Users\Administrator\AndroidStudioProjects\SplashBrowser\.gradle\buildOutputCleanup)"        [_thread_blocked, id=4800, stack(0x00000027c3900000,0x00000027c3a00000) (1024K)]
  0x000001fd65f5b2a0 JavaThread "jar transforms"                    [_thread_blocked, id=5516, stack(0x00000027c3a00000,0x00000027c3b00000) (1024K)]
  0x000001fd65f5a580 JavaThread "jar transforms Thread 2"           [_thread_blocked, id=4600, stack(0x00000027c3b00000,0x00000027c3c00000) (1024K)]
  0x000001fd65f5ac10 JavaThread "Cache worker for checksums cache (C:\Users\Administrator\AndroidStudioProjects\SplashBrowser\.gradle\8.11.1\checksums)"        [_thread_blocked, id=1828, stack(0x00000027c3c00000,0x00000027c3d00000) (1024K)]
  0x000001fd65f607f0 JavaThread "Cache worker for cache directory md-rule (C:\Users\Administrator\.gradle\caches\8.11.1\md-rule)"        [_thread_blocked, id=3388, stack(0x00000027c3d00000,0x00000027c3e00000) (1024K)]
  0x000001fd65f5da00 JavaThread "Cache worker for cache directory md-supplier (C:\Users\Administrator\.gradle\caches\8.11.1\md-supplier)"        [_thread_blocked, id=1384, stack(0x00000027c3e00000,0x00000027c3f00000) (1024K)]
  0x000001fd65f5c650 JavaThread "Unconstrained build operations"        [_thread_blocked, id=4756, stack(0x00000027c3f00000,0x00000027c4000000) (1024K)]
  0x000001fd65f5fad0 JavaThread "Unconstrained build operations Thread 2"        [_thread_blocked, id=2536, stack(0x00000027c4000000,0x00000027c4100000) (1024K)]
  0x000001fd65f60160 JavaThread "Unconstrained build operations Thread 3"        [_thread_blocked, id=3396, stack(0x00000027c4100000,0x00000027c4200000) (1024K)]
  0x000001fd65f5cce0 JavaThread "Unconstrained build operations Thread 4"        [_thread_blocked, id=5208, stack(0x00000027c4200000,0x00000027c4300000) (1024K)]
Total: 37

Other Threads:
=>0x000001fd47b4d1c0 VMThread "VM Thread"                           [id=4284, stack(0x00000027c1b00000,0x00000027c1c00000) (1024K)]
  0x000001fd5e4ec5a0 WatcherThread "VM Periodic Task Thread"        [id=4808, stack(0x00000027c1a00000,0x00000027c1b00000) (1024K)]
  0x000001fd47ad1c10 WorkerThread "GC Thread#0"                     [id=2948, stack(0x00000027c1500000,0x00000027c1600000) (1024K)]
  0x000001fd5eab9a00 WorkerThread "GC Thread#1"                     [id=5228, stack(0x00000027c2600000,0x00000027c2700000) (1024K)]
  0x000001fd47ae3830 ConcurrentGCThread "G1 Main Marker"            [id=5980, stack(0x00000027c1600000,0x00000027c1700000) (1024K)]
  0x000001fd47ae43b0 WorkerThread "G1 Conc#0"                       [id=1436, stack(0x00000027c1700000,0x00000027c1800000) (1024K)]
  0x000001fd47b15b70 ConcurrentGCThread "G1 Refine#0"               [id=5348, stack(0x00000027c1800000,0x00000027c1900000) (1024K)]
  0x000001fd47b16760 ConcurrentGCThread "G1 Service"                [id=4452, stack(0x00000027c1900000,0x00000027c1a00000) (1024K)]
Total: 8

Threads with active compile tasks:
Total: 0

VM state: at safepoint (normal execution)

VM Mutex/Monitor currently owned by a thread:  ([mutex/lock_event])
[0x00007ffbed8920c8] Threads_lock - owner thread: 0x000001fd47b4d1c0
[0x00007ffbed8921c8] Heap_lock - owner thread: 0x000001fd648933d0

Heap address: 0x0000000080000000, size: 2048 MB, Compressed Oops mode: 32-bit

CDS archive(s) not mapped
Compressed class space mapped at: 0x0000000100000000-0x0000000140000000, reserved size: 1073741824
Narrow klass base: 0x0000000000000000, Narrow klass shift: 3, Narrow klass range: 0x140000000

GC Precious Log:
 CardTable entry size: 512
 Card Set container configuration: InlinePtr #cards 5 size 8 Array Of Cards #cards 12 size 40 Howl #buckets 4 coarsen threshold 1843 Howl Bitmap #cards 512 size 80 coarsen threshold 460 Card regions per heap region 1 cards per card region 2048
 CPUs: 2 total, 2 available
 Memory: 2009M
 Large Page Support: Disabled
 NUMA Support: Disabled
 Compressed Oops: Enabled (32-bit)
 Heap Region Size: 1M
 Heap Min Capacity: 8M
 Heap Initial Capacity: 32M
 Heap Max Capacity: 2G
 Pre-touch: Disabled
 Parallel Workers: 2
 Concurrent Workers: 1
 Concurrent Refinement Workers: 2
 Periodic GC: Disabled

Heap:
 garbage-first heap   total 142336K, used 79872K [0x0000000080000000, 0x0000000100000000)
  region size 1024K, 1 young (1024K), 1 survivors (1024K)
 Metaspace       used 68385K, committed 70144K, reserved 1114112K
  class space    used 9390K, committed 10304K, reserved 1048576K

Heap Regions: E=young(eden), S=young(survivor), O=old, HS=humongous(starts), HC=humongous(continues), CS=collection set, F=free, TAMS=top-at-mark-start, PB=parsable bottom
|   0|0x0000000080000000, 0x0000000080100000, 0x0000000080100000|100%| O|  |TAMS 0x0000000080100000| PB 0x0000000080000000| Updating 
|   1|0x0000000080100000, 0x0000000080200000, 0x0000000080200000|100%|HS|  |TAMS 0x0000000080200000| PB 0x0000000080100000| Complete 
|   2|0x0000000080200000, 0x0000000080300000, 0x0000000080300000|100%|HC|  |TAMS 0x0000000080300000| PB 0x0000000080200000| Complete 
|   3|0x0000000080300000, 0x0000000080400000, 0x0000000080400000|100%|HC|  |TAMS 0x0000000080400000| PB 0x0000000080300000| Complete 
|   4|0x0000000080400000, 0x0000000080500000, 0x0000000080500000|100%| O|  |TAMS 0x0000000080500000| PB 0x0000000080400000| Untracked 
|   5|0x0000000080500000, 0x0000000080600000, 0x0000000080600000|100%| O|  |TAMS 0x0000000080600000| PB 0x0000000080500000| Untracked 
|   6|0x0000000080600000, 0x0000000080700000, 0x0000000080700000|100%| O|  |TAMS 0x0000000080700000| PB 0x0000000080600000| Untracked 
|   7|0x0000000080700000, 0x0000000080800000, 0x0000000080800000|100%| O|  |TAMS 0x0000000080800000| PB 0x0000000080700000| Updating 
|   8|0x0000000080800000, 0x0000000080900000, 0x0000000080900000|100%| O|  |TAMS 0x0000000080900000| PB 0x0000000080800000| Untracked 
|   9|0x0000000080900000, 0x0000000080a00000, 0x0000000080a00000|100%| O|  |TAMS 0x0000000080a00000| PB 0x0000000080900000| Untracked 
|  10|0x0000000080a00000, 0x0000000080b00000, 0x0000000080b00000|100%| O|  |TAMS 0x0000000080b00000| PB 0x0000000080a00000| Untracked 
|  11|0x0000000080b00000, 0x0000000080c00000, 0x0000000080c00000|100%|HS|  |TAMS 0x0000000080c00000| PB 0x0000000080b00000| Complete 
|  12|0x0000000080c00000, 0x0000000080d00000, 0x0000000080d00000|100%| O|  |TAMS 0x0000000080d00000| PB 0x0000000080c00000| Untracked 
|  13|0x0000000080d00000, 0x0000000080e00000, 0x0000000080e00000|100%| O|  |TAMS 0x0000000080e00000| PB 0x0000000080d00000| Untracked 
|  14|0x0000000080e00000, 0x0000000080f00000, 0x0000000080f00000|100%| O|  |TAMS 0x0000000080f00000| PB 0x0000000080e00000| Untracked 
|  15|0x0000000080f00000, 0x0000000081000000, 0x0000000081000000|100%| O|  |TAMS 0x0000000081000000| PB 0x0000000080f00000| Untracked 
|  16|0x0000000081000000, 0x0000000081100000, 0x0000000081100000|100%| O|  |TAMS 0x0000000081100000| PB 0x0000000081000000| Untracked 
|  17|0x0000000081100000, 0x0000000081200000, 0x0000000081200000|100%| O|  |TAMS 0x0000000081200000| PB 0x0000000081100000| Updating 
|  18|0x0000000081200000, 0x0000000081300000, 0x0000000081300000|100%| O|  |TAMS 0x0000000081300000| PB 0x0000000081200000| Updating 
|  19|0x0000000081300000, 0x0000000081400000, 0x0000000081400000|100%| O|  |TAMS 0x0000000081400000| PB 0x0000000081300000| Updating 
|  20|0x0000000081400000, 0x0000000081500000, 0x0000000081500000|100%| O|  |TAMS 0x0000000081500000| PB 0x0000000081400000| Untracked 
|  21|0x0000000081500000, 0x0000000081600000, 0x0000000081600000|100%| O|  |TAMS 0x0000000081600000| PB 0x0000000081600000| Untracked 
|  22|0x0000000081600000, 0x0000000081700000, 0x0000000081700000|100%| O|  |TAMS 0x0000000081700000| PB 0x0000000081700000| Untracked 
|  23|0x0000000081700000, 0x0000000081800000, 0x0000000081800000|100%| O|  |TAMS 0x0000000081800000| PB 0x0000000081800000| Untracked 
|  24|0x0000000081800000, 0x0000000081900000, 0x0000000081900000|100%|HS|  |TAMS 0x0000000081900000| PB 0x0000000081800000| Complete 
|  25|0x0000000081900000, 0x0000000081a00000, 0x0000000081a00000|100%| O|  |TAMS 0x0000000081a00000| PB 0x0000000081a00000| Untracked 
|  26|0x0000000081a00000, 0x0000000081b00000, 0x0000000081b00000|100%|HS|  |TAMS 0x0000000081b00000| PB 0x0000000081a00000| Complete 
|  27|0x0000000081b00000, 0x0000000081c00000, 0x0000000081c00000|100%|HC|  |TAMS 0x0000000081c00000| PB 0x0000000081b00000| Complete 
|  28|0x0000000081c00000, 0x0000000081d00000, 0x0000000081d00000|100%| O|  |TAMS 0x0000000081d00000| PB 0x0000000081d00000| Updating 
|  29|0x0000000081d00000, 0x0000000081e00000, 0x0000000081e00000|100%|HS|  |TAMS 0x0000000081e00000| PB 0x0000000081d00000| Complete 
|  30|0x0000000081e00000, 0x0000000081f00000, 0x0000000081f00000|100%|HC|  |TAMS 0x0000000081f00000| PB 0x0000000081e00000| Complete 
|  31|0x0000000081f00000, 0x0000000082000000, 0x0000000082000000|100%|HC|  |TAMS 0x0000000082000000| PB 0x0000000081f00000| Complete 
|  32|0x0000000082000000, 0x0000000082100000, 0x0000000082100000|100%|HC|  |TAMS 0x0000000082100000| PB 0x0000000082000000| Complete 
|  33|0x0000000082100000, 0x0000000082200000, 0x0000000082200000|100%|HC|  |TAMS 0x0000000082200000| PB 0x0000000082100000| Complete 
|  34|0x0000000082200000, 0x0000000082300000, 0x0000000082300000|100%|HC|  |TAMS 0x0000000082300000| PB 0x0000000082200000| Complete 
|  35|0x0000000082300000, 0x0000000082400000, 0x0000000082400000|100%|HS|  |TAMS 0x0000000082400000| PB 0x0000000082300000| Complete 
|  36|0x0000000082400000, 0x0000000082500000, 0x0000000082500000|100%|HC|  |TAMS 0x0000000082500000| PB 0x0000000082400000| Complete 
|  37|0x0000000082500000, 0x0000000082600000, 0x0000000082600000|100%|HC|  |TAMS 0x0000000082600000| PB 0x0000000082500000| Complete 
|  38|0x0000000082600000, 0x0000000082700000, 0x0000000082700000|100%| O|  |TAMS 0x0000000082700000| PB 0x0000000082700000| Untracked 
|  39|0x0000000082700000, 0x0000000082800000, 0x0000000082800000|100%| O|  |TAMS 0x0000000082800000| PB 0x0000000082800000| Untracked 
|  40|0x0000000082800000, 0x0000000082900000, 0x0000000082900000|100%| O|  |TAMS 0x0000000082900000| PB 0x0000000082900000| Untracked 
|  41|0x0000000082900000, 0x0000000082a00000, 0x0000000082a00000|100%| O|  |TAMS 0x0000000082a00000| PB 0x0000000082a00000| Untracked 
|  42|0x0000000082a00000, 0x0000000082b00000, 0x0000000082b00000|100%| O|  |TAMS 0x0000000082b00000| PB 0x0000000082b00000| Updating 
|  43|0x0000000082b00000, 0x0000000082c00000, 0x0000000082c00000|100%| O|  |TAMS 0x0000000082c00000| PB 0x0000000082c00000| Updating 
|  44|0x0000000082c00000, 0x0000000082d00000, 0x0000000082d00000|100%|HS|  |TAMS 0x0000000082d00000| PB 0x0000000082c00000| Complete 
|  45|0x0000000082d00000, 0x0000000082e00000, 0x0000000082e00000|100%|HC|  |TAMS 0x0000000082e00000| PB 0x0000000082d00000| Complete 
|  46|0x0000000082e00000, 0x0000000082f00000, 0x0000000082f00000|100%| O|  |TAMS 0x0000000082f00000| PB 0x0000000082f00000| Untracked 
|  47|0x0000000082f00000, 0x0000000083000000, 0x0000000083000000|100%| O|  |TAMS 0x0000000083000000| PB 0x0000000083000000| Untracked 
|  48|0x0000000083000000, 0x0000000083100000, 0x0000000083100000|100%| O|  |TAMS 0x0000000083000000| PB 0x0000000083000000| Untracked 
|  49|0x0000000083100000, 0x0000000083200000, 0x0000000083200000|100%| O|  |TAMS 0x0000000083200000| PB 0x0000000083200000| Untracked 
|  50|0x0000000083200000, 0x0000000083300000, 0x0000000083300000|100%| O|  |TAMS 0x0000000083300000| PB 0x0000000083300000| Untracked 
|  51|0x0000000083300000, 0x0000000083400000, 0x0000000083400000|100%| O|  |TAMS 0x0000000083400000| PB 0x0000000083400000| Untracked 
|  52|0x0000000083400000, 0x0000000083500000, 0x0000000083500000|100%| O|  |TAMS 0x0000000083500000| PB 0x0000000083500000| Updating 
|  53|0x0000000083500000, 0x0000000083600000, 0x0000000083600000|100%| O|  |TAMS 0x0000000083600000| PB 0x0000000083600000| Untracked 
|  54|0x0000000083600000, 0x0000000083700000, 0x0000000083700000|100%|HS|  |TAMS 0x0000000083700000| PB 0x0000000083600000| Complete 
|  55|0x0000000083700000, 0x0000000083800000, 0x0000000083800000|100%|HC|  |TAMS 0x0000000083800000| PB 0x0000000083700000| Complete 
|  56|0x0000000083800000, 0x0000000083900000, 0x0000000083900000|100%|HC|  |TAMS 0x0000000083900000| PB 0x0000000083800000| Complete 
|  57|0x0000000083900000, 0x0000000083a00000, 0x0000000083a00000|100%|HC|  |TAMS 0x0000000083a00000| PB 0x0000000083900000| Complete 
|  58|0x0000000083a00000, 0x0000000083b00000, 0x0000000083b00000|100%|HC|  |TAMS 0x0000000083b00000| PB 0x0000000083a00000| Complete 
|  59|0x0000000083b00000, 0x0000000083c00000, 0x0000000083c00000|100%|HC|  |TAMS 0x0000000083c00000| PB 0x0000000083b00000| Complete 
|  60|0x0000000083c00000, 0x0000000083d00000, 0x0000000083d00000|100%| O|  |TAMS 0x0000000083d00000| PB 0x0000000083d00000| Untracked 
|  61|0x0000000083d00000, 0x0000000083e00000, 0x0000000083e00000|100%| O|  |TAMS 0x0000000083de1fc0| PB 0x0000000083de1fc0| Updating 
|  62|0x0000000083e00000, 0x0000000083f00000, 0x0000000083f00000|100%| O|  |TAMS 0x0000000083e00000| PB 0x0000000083e00000| Untracked 
|  63|0x0000000083f00000, 0x0000000084000000, 0x0000000084000000|100%| O|  |TAMS 0x0000000083f00000| PB 0x0000000083f00000| Untracked 
|  64|0x0000000084000000, 0x0000000084100000, 0x0000000084100000|100%| O|  |TAMS 0x0000000084000000| PB 0x0000000084000000| Untracked 
|  65|0x0000000084100000, 0x0000000084100000, 0x0000000084200000|  0%| F|  |TAMS 0x0000000084100000| PB 0x0000000084100000| Untracked 
|  66|0x0000000084200000, 0x0000000084200000, 0x0000000084300000|  0%| F|  |TAMS 0x0000000084200000| PB 0x0000000084200000| Untracked 
|  67|0x0000000084300000, 0x0000000084300000, 0x0000000084400000|  0%| F|  |TAMS 0x0000000084300000| PB 0x0000000084300000| Untracked 
|  68|0x0000000084400000, 0x0000000084400000, 0x0000000084500000|  0%| F|  |TAMS 0x0000000084400000| PB 0x0000000084400000| Untracked 
|  69|0x0000000084500000, 0x0000000084500000, 0x0000000084600000|  0%| F|  |TAMS 0x0000000084500000| PB 0x0000000084500000| Untracked 
|  70|0x0000000084600000, 0x0000000084600000, 0x0000000084700000|  0%| F|  |TAMS 0x0000000084600000| PB 0x0000000084600000| Untracked 
|  71|0x0000000084700000, 0x0000000084700000, 0x0000000084800000|  0%| F|  |TAMS 0x0000000084700000| PB 0x0000000084700000| Untracked 
|  72|0x0000000084800000, 0x0000000084800000, 0x0000000084900000|  0%| F|  |TAMS 0x0000000084800000| PB 0x0000000084800000| Untracked 
|  73|0x0000000084900000, 0x0000000084900000, 0x0000000084a00000|  0%| F|  |TAMS 0x0000000084900000| PB 0x0000000084900000| Untracked 
|  74|0x0000000084a00000, 0x0000000084a00000, 0x0000000084b00000|  0%| F|  |TAMS 0x0000000084a00000| PB 0x0000000084a00000| Untracked 
|  75|0x0000000084b00000, 0x0000000084b00000, 0x0000000084c00000|  0%| F|  |TAMS 0x0000000084b00000| PB 0x0000000084b00000| Untracked 
|  76|0x0000000084c00000, 0x0000000084c00000, 0x0000000084d00000|  0%| F|  |TAMS 0x0000000084c00000| PB 0x0000000084c00000| Untracked 
|  77|0x0000000084d00000, 0x0000000084d00000, 0x0000000084e00000|  0%| F|  |TAMS 0x0000000084d00000| PB 0x0000000084d00000| Untracked 
|  78|0x0000000084e00000, 0x0000000084e00000, 0x0000000084f00000|  0%| F|  |TAMS 0x0000000084e00000| PB 0x0000000084e00000| Untracked 
|  79|0x0000000084f00000, 0x0000000084f00000, 0x0000000085000000|  0%| F|  |TAMS 0x0000000084f00000| PB 0x0000000084f00000| Untracked 
|  80|0x0000000085000000, 0x0000000085000000, 0x0000000085100000|  0%| F|  |TAMS 0x0000000085000000| PB 0x0000000085000000| Untracked 
|  81|0x0000000085100000, 0x0000000085100000, 0x0000000085200000|  0%| F|  |TAMS 0x0000000085100000| PB 0x0000000085100000| Untracked 
|  82|0x0000000085200000, 0x0000000085200000, 0x0000000085300000|  0%| F|  |TAMS 0x0000000085200000| PB 0x0000000085200000| Untracked 
|  83|0x0000000085300000, 0x0000000085300000, 0x0000000085400000|  0%| F|  |TAMS 0x0000000085300000| PB 0x0000000085300000| Untracked 
|  84|0x0000000085400000, 0x0000000085400000, 0x0000000085500000|  0%| F|  |TAMS 0x0000000085400000| PB 0x0000000085400000| Untracked 
|  85|0x0000000085500000, 0x0000000085600000, 0x0000000085600000|100%|HS|  |TAMS 0x0000000085600000| PB 0x0000000085500000| Complete 
|  86|0x0000000085600000, 0x0000000085700000, 0x0000000085700000|100%|HC|  |TAMS 0x0000000085700000| PB 0x0000000085600000| Complete 
|  87|0x0000000085700000, 0x0000000085800000, 0x0000000085800000|100%|HC|  |TAMS 0x0000000085800000| PB 0x0000000085700000| Complete 
|  88|0x0000000085800000, 0x0000000085900000, 0x0000000085900000|100%|HC|  |TAMS 0x0000000085900000| PB 0x0000000085800000| Complete 
|  89|0x0000000085900000, 0x0000000085a00000, 0x0000000085a00000|100%|HC|  |TAMS 0x0000000085a00000| PB 0x0000000085900000| Complete 
|  90|0x0000000085a00000, 0x0000000085b00000, 0x0000000085b00000|100%|HC|  |TAMS 0x0000000085b00000| PB 0x0000000085a00000| Complete 
|  91|0x0000000085b00000, 0x0000000085b00000, 0x0000000085c00000|  0%| F|  |TAMS 0x0000000085b00000| PB 0x0000000085b00000| Untracked 
|  92|0x0000000085c00000, 0x0000000085c00000, 0x0000000085d00000|  0%| F|  |TAMS 0x0000000085c00000| PB 0x0000000085c00000| Untracked 
|  93|0x0000000085d00000, 0x0000000085d00000, 0x0000000085e00000|  0%| F|  |TAMS 0x0000000085d00000| PB 0x0000000085d00000| Untracked 
|  94|0x0000000085e00000, 0x0000000085e00000, 0x0000000085f00000|  0%| F|  |TAMS 0x0000000085e00000| PB 0x0000000085e00000| Untracked 
|  95|0x0000000085f00000, 0x0000000085f00000, 0x0000000086000000|  0%| F|  |TAMS 0x0000000085f00000| PB 0x0000000085f00000| Untracked 
|  96|0x0000000086000000, 0x0000000086000000, 0x0000000086100000|  0%| F|  |TAMS 0x0000000086000000| PB 0x0000000086000000| Untracked 
|  97|0x0000000086100000, 0x0000000086100000, 0x0000000086200000|  0%| F|  |TAMS 0x0000000086100000| PB 0x0000000086100000| Untracked 
|  98|0x0000000086200000, 0x0000000086200000, 0x0000000086300000|  0%| F|  |TAMS 0x0000000086200000| PB 0x0000000086200000| Untracked 
|  99|0x0000000086300000, 0x0000000086300000, 0x0000000086400000|  0%| F|  |TAMS 0x0000000086300000| PB 0x0000000086300000| Untracked 
| 100|0x0000000086400000, 0x0000000086400000, 0x0000000086500000|  0%| F|  |TAMS 0x0000000086400000| PB 0x0000000086400000| Untracked 
| 101|0x0000000086500000, 0x0000000086500000, 0x0000000086600000|  0%| F|  |TAMS 0x0000000086500000| PB 0x0000000086500000| Untracked 
| 102|0x0000000086600000, 0x0000000086600000, 0x0000000086700000|  0%| F|  |TAMS 0x0000000086600000| PB 0x0000000086600000| Untracked 
| 103|0x0000000086700000, 0x0000000086700000, 0x0000000086800000|  0%| F|  |TAMS 0x0000000086700000| PB 0x0000000086700000| Untracked 
| 104|0x0000000086800000, 0x0000000086800000, 0x0000000086900000|  0%| F|  |TAMS 0x0000000086800000| PB 0x0000000086800000| Untracked 
| 105|0x0000000086900000, 0x0000000086900000, 0x0000000086a00000|  0%| F|  |TAMS 0x0000000086900000| PB 0x0000000086900000| Untracked 
| 106|0x0000000086a00000, 0x0000000086a00000, 0x0000000086b00000|  0%| F|  |TAMS 0x0000000086a00000| PB 0x0000000086a00000| Untracked 
| 107|0x0000000086b00000, 0x0000000086b00000, 0x0000000086c00000|  0%| F|  |TAMS 0x0000000086b00000| PB 0x0000000086b00000| Untracked 
| 108|0x0000000086c00000, 0x0000000086c00000, 0x0000000086d00000|  0%| F|  |TAMS 0x0000000086c00000| PB 0x0000000086c00000| Untracked 
| 109|0x0000000086d00000, 0x0000000086d00000, 0x0000000086e00000|  0%| F|  |TAMS 0x0000000086d00000| PB 0x0000000086d00000| Untracked 
| 110|0x0000000086e00000, 0x0000000086e00000, 0x0000000086f00000|  0%| F|  |TAMS 0x0000000086e00000| PB 0x0000000086e00000| Untracked 
| 111|0x0000000086f00000, 0x0000000086f00000, 0x0000000087000000|  0%| F|  |TAMS 0x0000000086f00000| PB 0x0000000086f00000| Untracked 
| 112|0x0000000087000000, 0x0000000087000000, 0x0000000087100000|  0%| F|  |TAMS 0x0000000087000000| PB 0x0000000087000000| Untracked 
| 113|0x0000000087100000, 0x0000000087100000, 0x0000000087200000|  0%| F|  |TAMS 0x0000000087100000| PB 0x0000000087100000| Untracked 
| 114|0x0000000087200000, 0x0000000087200000, 0x0000000087300000|  0%| F|  |TAMS 0x0000000087200000| PB 0x0000000087200000| Untracked 
| 115|0x0000000087300000, 0x0000000087300000, 0x0000000087400000|  0%| F|  |TAMS 0x0000000087300000| PB 0x0000000087300000| Untracked 
| 116|0x0000000087400000, 0x0000000087400000, 0x0000000087500000|  0%| F|  |TAMS 0x0000000087400000| PB 0x0000000087400000| Untracked 
| 117|0x0000000087500000, 0x0000000087500000, 0x0000000087600000|  0%| F|  |TAMS 0x0000000087500000| PB 0x0000000087500000| Untracked 
| 118|0x0000000087600000, 0x0000000087600000, 0x0000000087700000|  0%| F|  |TAMS 0x0000000087600000| PB 0x0000000087600000| Untracked 
| 119|0x0000000087700000, 0x0000000087700000, 0x0000000087800000|  0%| F|  |TAMS 0x0000000087700000| PB 0x0000000087700000| Untracked 
| 120|0x0000000087800000, 0x0000000087800000, 0x0000000087900000|  0%| F|  |TAMS 0x0000000087800000| PB 0x0000000087800000| Untracked 
| 121|0x0000000087900000, 0x0000000087900000, 0x0000000087a00000|  0%| F|  |TAMS 0x0000000087900000| PB 0x0000000087900000| Untracked 
| 122|0x0000000087a00000, 0x0000000087a00000, 0x0000000087b00000|  0%| F|  |TAMS 0x0000000087a00000| PB 0x0000000087a00000| Untracked 
| 123|0x0000000087b00000, 0x0000000087b00000, 0x0000000087c00000|  0%| F|  |TAMS 0x0000000087b00000| PB 0x0000000087b00000| Untracked 
| 124|0x0000000087c00000, 0x0000000087c00000, 0x0000000087d00000|  0%| F|  |TAMS 0x0000000087c00000| PB 0x0000000087c00000| Untracked 
| 125|0x0000000087d00000, 0x0000000087d00000, 0x0000000087e00000|  0%| F|  |TAMS 0x0000000087d00000| PB 0x0000000087d00000| Untracked 
| 126|0x0000000087e00000, 0x0000000087e00000, 0x0000000087f00000|  0%| F|  |TAMS 0x0000000087e00000| PB 0x0000000087e00000| Untracked 
| 127|0x0000000087f00000, 0x0000000087f00000, 0x0000000088000000|  0%| F|  |TAMS 0x0000000087f00000| PB 0x0000000087f00000| Untracked 
| 128|0x0000000088000000, 0x0000000088000000, 0x0000000088100000|  0%| F|  |TAMS 0x0000000088000000| PB 0x0000000088000000| Untracked 
| 129|0x0000000088100000, 0x0000000088100000, 0x0000000088200000|  0%| F|  |TAMS 0x0000000088100000| PB 0x0000000088100000| Untracked 
| 130|0x0000000088200000, 0x0000000088200000, 0x0000000088300000|  0%| F|  |TAMS 0x0000000088200000| PB 0x0000000088200000| Untracked 
| 131|0x0000000088300000, 0x0000000088400000, 0x0000000088400000|100%| S|CS|TAMS 0x0000000088300000| PB 0x0000000088300000| Complete 
|2041|0x00000000ff900000, 0x00000000ffa00000, 0x00000000ffa00000|100%| O|  |TAMS 0x00000000ffa00000| PB 0x00000000ffa00000| Updating 
|2042|0x00000000ffa00000, 0x00000000ffb00000, 0x00000000ffb00000|100%| O|  |TAMS 0x00000000ffb00000| PB 0x00000000ffb00000| Untracked 
|2043|0x00000000ffb00000, 0x00000000ffc00000, 0x00000000ffc00000|100%| O|  |TAMS 0x00000000ffc00000| PB 0x00000000ffc00000| Updating 
|2044|0x00000000ffc00000, 0x00000000ffd00000, 0x00000000ffd00000|100%| O|  |TAMS 0x00000000ffd00000| PB 0x00000000ffd00000| Untracked 
|2045|0x00000000ffd00000, 0x00000000ffe00000, 0x00000000ffe00000|100%| O|  |TAMS 0x00000000ffe00000| PB 0x00000000ffe00000| Untracked 
|2046|0x00000000ffe00000, 0x00000000fff00000, 0x00000000fff00000|100%| O|  |TAMS 0x00000000fff00000| PB 0x00000000fff00000| Updating 
|2047|0x00000000fff00000, 0x00000000fff00000, 0x0000000100000000|  0%| F|  |TAMS 0x00000000fff00000| PB 0x00000000fff00000| Untracked 

Card table byte_map: [0x000001fd59fd0000,0x000001fd5a3d0000] _byte_map_base: 0x000001fd59bd0000

Marking Bits: (CMBitMap*) 0x000001fd47ad2220
 Bits: [0x000001fd5a3d0000, 0x000001fd5c3d0000)

Polling page: 0x000001fd45940000

Metaspace:

Usage:
  Non-class:     57.61 MB used.
      Class:      9.17 MB used.
       Both:     66.78 MB used.

Virtual space:
  Non-class space:       64.00 MB reserved,      58.44 MB ( 91%) committed,  1 nodes.
      Class space:        1.00 GB reserved,      10.06 MB ( <1%) committed,  1 nodes.
             Both:        1.06 GB reserved,      68.50 MB (  6%) committed. 

Chunk freelists:
   Non-Class:  5.00 MB
       Class:  5.86 MB
        Both:  10.86 MB

MaxMetaspaceSize: unlimited
CompressedClassSpaceSize: 1.00 GB
Initial GC threshold: 21.00 MB
Current GC threshold: 114.19 MB
CDS: off
 - commit_granule_bytes: 65536.
 - commit_granule_words: 8192.
 - virtual_space_node_default_size: 8388608.
 - enlarge_chunks_in_place: 1.
 - use_allocation_guard: 0.


Internal statistics:

num_allocs_failed_limit: 0.
num_arena_births: 3242.
num_arena_deaths: 0.
num_vsnodes_births: 2.
num_vsnodes_deaths: 0.
num_space_committed: 1096.
num_space_uncommitted: 0.
num_chunks_returned_to_freelist: 0.
num_chunks_taken_from_freelist: 6159.
num_chunk_merges: 0.
num_chunk_splits: 3905.
num_chunks_enlarged: 2325.
num_inconsistent_stats: 0.

CodeHeap 'non-profiled nmethods': size=120064Kb used=3670Kb max_used=3844Kb free=116393Kb
 bounds [0x000001fd52690000, 0x000001fd52a60000, 0x000001fd59bd0000]
CodeHeap 'profiled nmethods': size=120000Kb used=12458Kb max_used=12878Kb free=107541Kb
 bounds [0x000001fd4abd0000, 0x000001fd4b870000, 0x000001fd52100000]
CodeHeap 'non-nmethods': size=5696Kb used=2973Kb max_used=3036Kb free=2722Kb
 bounds [0x000001fd52100000, 0x000001fd52410000, 0x000001fd52690000]
 total_blobs=7379 nmethods=6497 adapters=786
 compilation: enabled
              stopped_count=0, restarted_count=0
 full_count=0

Compilation events (20 events):
Event: 473.373 Thread 0x000001fd5e6c69a0 7512       3       org.gradle.internal.file.RandomAccessFileOutputStream::<init> (10 bytes)
Event: 473.373 Thread 0x000001fd5e6c69a0 nmethod 7512 0x000001fd4b860490 code [0x000001fd4b860640, 0x000001fd4b860860]
Event: 473.746 Thread 0x000001fd5e6c5f00 7513       4       org.gradle.internal.serialize.kryo.KryoBackedDecoder::readString (5 bytes)
Event: 473.747 Thread 0x000001fd5e6c5f00 nmethod 7513 0x000001fd52a4f590 code [0x000001fd52a4f740, 0x000001fd52a4f868]
Event: 474.096 Thread 0x000001fd5e6c5f00 7514       4       org.gradle.util.internal.SimpleMapInterner::intern (40 bytes)
Event: 474.106 Thread 0x000001fd5e6c5f00 nmethod 7514 0x000001fd52a4f990 code [0x000001fd52a4fba0, 0x000001fd52a50048]
Event: 474.106 Thread 0x000001fd5e6c5f00 7515       4       org.gradle.util.internal.SimpleMapInterner::intern (9 bytes)
Event: 474.128 Thread 0x000001fd5e6c5f00 nmethod 7515 0x000001fd52a50490 code [0x000001fd52a506a0, 0x000001fd52a50b88]
Event: 474.264 Thread 0x000001fd5e6c69a0 7516       3       org.gradle.internal.component.external.model.LazyVariantBackedConfigurationMetadata$RuleAwareVariant::getAttributes (40 bytes)
Event: 474.265 Thread 0x000001fd5e6c69a0 nmethod 7516 0x000001fd4b860990 code [0x000001fd4b860be0, 0x000001fd4b8615b0]
Event: 474.295 Thread 0x000001fd5e6c69a0 7517       3       org.gradle.api.internal.attributes.DefaultImmutableAttributes::<init> (226 bytes)
Event: 474.312 Thread 0x000001fd5e6c69a0 nmethod 7517 0x000001fd4b861890 code [0x000001fd4b861bc0, 0x000001fd4b863240]
Event: 476.580 Thread 0x000001fd5e6c69a0 7518       3       org.gradle.internal.component.external.model.DefaultModuleComponentGraphResolveState::getMetadata (8 bytes)
Event: 476.580 Thread 0x000001fd5e6c69a0 nmethod 7518 0x000001fd4ac8ef90 code [0x000001fd4ac8f140, 0x000001fd4ac8f360]
Event: 476.583 Thread 0x000001fd5e6c69a0 7519   !   3       com.google.common.cache.LocalCache$Segment::storeLoadedValue (371 bytes)
Event: 476.607 Thread 0x000001fd5e6c69a0 nmethod 7519 0x000001fd4b3e7e10 code [0x000001fd4b3e85a0, 0x000001fd4b3eca20]
Event: 476.617 Thread 0x000001fd5e6c69a0 7521       3       org.gradle.cache.internal.DefaultFileLockManager$DefaultFileLock::close (46 bytes)
Event: 476.625 Thread 0x000001fd5e6c69a0 nmethod 7521 0x000001fd4af3b210 code [0x000001fd4af3b5a0, 0x000001fd4af3ce50]
Event: 476.629 Thread 0x000001fd5e6c5f00 7520       4       java.util.regex.Pattern$Node::study (21 bytes)
Event: 476.632 Thread 0x000001fd5e6c5f00 nmethod 7520 0x000001fd52782810 code [0x000001fd527829c0, 0x000001fd52782b28]

GC Heap History (20 events):
Event: 312.535 GC heap after
{Heap after GC invocations=36 (full 0):
 garbage-first heap   total 91136K, used 52358K [0x0000000080000000, 0x0000000100000000)
  region size 1024K, 2 young (2048K), 2 survivors (2048K)
 Metaspace       used 52459K, committed 53824K, reserved 1114112K
  class space    used 7068K, committed 7744K, reserved 1048576K
}
Event: 322.755 GC heap before
{Heap before GC invocations=36 (full 0):
 garbage-first heap   total 91136K, used 83078K [0x0000000080000000, 0x0000000100000000)
  region size 1024K, 32 young (32768K), 2 survivors (2048K)
 Metaspace       used 55996K, committed 57472K, reserved 1114112K
  class space    used 7671K, committed 8384K, reserved 1048576K
}
Event: 322.768 GC heap after
{Heap after GC invocations=37 (full 0):
 garbage-first heap   total 91136K, used 53483K [0x0000000080000000, 0x0000000100000000)
  region size 1024K, 3 young (3072K), 3 survivors (3072K)
 Metaspace       used 55996K, committed 57472K, reserved 1114112K
  class space    used 7671K, committed 8384K, reserved 1048576K
}
Event: 349.901 GC heap before
{Heap before GC invocations=37 (full 0):
 garbage-first heap   total 97280K, used 94443K [0x0000000080000000, 0x0000000100000000)
  region size 1024K, 30 young (30720K), 3 survivors (3072K)
 Metaspace       used 56892K, committed 58432K, reserved 1114112K
  class space    used 7756K, committed 8512K, reserved 1048576K
}
Event: 349.980 GC heap after
{Heap after GC invocations=38 (full 0):
 garbage-first heap   total 103424K, used 71055K [0x0000000080000000, 0x0000000100000000)
  region size 1024K, 4 young (4096K), 4 survivors (4096K)
 Metaspace       used 56892K, committed 58432K, reserved 1114112K
  class space    used 7756K, committed 8512K, reserved 1048576K
}
Event: 357.227 GC heap before
{Heap before GC invocations=38 (full 0):
 garbage-first heap   total 103424K, used 75151K [0x0000000080000000, 0x0000000100000000)
  region size 1024K, 10 young (10240K), 4 survivors (4096K)
 Metaspace       used 57274K, committed 58880K, reserved 1114112K
  class space    used 7781K, committed 8576K, reserved 1048576K
}
Event: 357.568 GC heap after
{Heap after GC invocations=39 (full 0):
 garbage-first heap   total 103424K, used 72831K [0x0000000080000000, 0x0000000100000000)
  region size 1024K, 2 young (2048K), 2 survivors (2048K)
 Metaspace       used 57274K, committed 58880K, reserved 1114112K
  class space    used 7781K, committed 8576K, reserved 1048576K
}
Event: 364.278 GC heap before
{Heap before GC invocations=40 (full 0):
 garbage-first heap   total 126976K, used 85119K [0x0000000080000000, 0x0000000100000000)
  region size 1024K, 12 young (12288K), 2 survivors (2048K)
 Metaspace       used 58701K, committed 60224K, reserved 1114112K
  class space    used 7869K, committed 8640K, reserved 1048576K
}
Event: 364.304 GC heap after
{Heap after GC invocations=41 (full 0):
 garbage-first heap   total 126976K, used 72964K [0x0000000080000000, 0x0000000100000000)
  region size 1024K, 1 young (1024K), 1 survivors (1024K)
 Metaspace       used 58701K, committed 60224K, reserved 1114112K
  class space    used 7869K, committed 8640K, reserved 1048576K
}
Event: 389.957 GC heap before
{Heap before GC invocations=41 (full 0):
 garbage-first heap   total 126976K, used 105732K [0x0000000080000000, 0x0000000100000000)
  region size 1024K, 34 young (34816K), 1 survivors (1024K)
 Metaspace       used 61297K, committed 62976K, reserved 1114112K
  class space    used 8306K, committed 9152K, reserved 1048576K
}
Event: 389.985 GC heap after
{Heap after GC invocations=42 (full 0):
 garbage-first heap   total 126976K, used 75022K [0x0000000080000000, 0x0000000100000000)
  region size 1024K, 4 young (4096K), 4 survivors (4096K)
 Metaspace       used 61297K, committed 62976K, reserved 1114112K
  class space    used 8306K, committed 9152K, reserved 1048576K
}
Event: 410.091 GC heap before
{Heap before GC invocations=42 (full 0):
 garbage-first heap   total 126976K, used 108814K [0x0000000080000000, 0x0000000100000000)
  region size 1024K, 37 young (37888K), 4 survivors (4096K)
 Metaspace       used 65205K, committed 66880K, reserved 1114112K
  class space    used 8896K, committed 9728K, reserved 1048576K
}
Event: 410.857 GC heap after
{Heap after GC invocations=43 (full 0):
 garbage-first heap   total 126976K, used 76679K [0x0000000080000000, 0x0000000100000000)
  region size 1024K, 2 young (2048K), 2 survivors (2048K)
 Metaspace       used 65205K, committed 66880K, reserved 1114112K
  class space    used 8896K, committed 9728K, reserved 1048576K
}
Event: 460.940 GC heap before
{Heap before GC invocations=43 (full 0):
 garbage-first heap   total 126976K, used 111495K [0x0000000080000000, 0x0000000100000000)
  region size 1024K, 36 young (36864K), 2 survivors (2048K)
 Metaspace       used 68191K, committed 69952K, reserved 1114112K
  class space    used 9385K, committed 10240K, reserved 1048576K
}
Event: 462.584 GC heap after
{Heap after GC invocations=44 (full 0):
 garbage-first heap   total 126976K, used 78727K [0x0000000080000000, 0x0000000100000000)
  region size 1024K, 4 young (4096K), 4 survivors (4096K)
 Metaspace       used 68191K, committed 69952K, reserved 1114112K
  class space    used 9385K, committed 10240K, reserved 1048576K
}
Event: 464.170 GC heap before
{Heap before GC invocations=44 (full 0):
 garbage-first heap   total 126976K, used 80775K [0x0000000080000000, 0x0000000100000000)
  region size 1024K, 6 young (6144K), 4 survivors (4096K)
 Metaspace       used 68227K, committed 69952K, reserved 1114112K
  class space    used 9385K, committed 10240K, reserved 1048576K
}
Event: 466.797 GC heap after
{Heap after GC invocations=45 (full 0):
 garbage-first heap   total 126976K, used 79376K [0x0000000080000000, 0x0000000100000000)
  region size 1024K, 1 young (1024K), 1 survivors (1024K)
 Metaspace       used 68227K, committed 69952K, reserved 1114112K
  class space    used 9385K, committed 10240K, reserved 1048576K
}
Event: 470.346 GC heap before
{Heap before GC invocations=45 (full 0):
 garbage-first heap   total 126976K, used 84496K [0x0000000080000000, 0x0000000100000000)
  region size 1024K, 6 young (6144K), 1 survivors (1024K)
 Metaspace       used 68299K, committed 70016K, reserved 1114112K
  class space    used 9385K, committed 10240K, reserved 1048576K
}
Event: 470.350 GC heap after
{Heap after GC invocations=46 (full 0):
 garbage-first heap   total 126976K, used 79432K [0x0000000080000000, 0x0000000100000000)
  region size 1024K, 1 young (1024K), 1 survivors (1024K)
 Metaspace       used 68299K, committed 70016K, reserved 1114112K
  class space    used 9385K, committed 10240K, reserved 1048576K
}
Event: 476.753 GC heap before
{Heap before GC invocations=46 (full 0):
 garbage-first heap   total 142336K, used 84552K [0x0000000080000000, 0x0000000100000000)
  region size 1024K, 6 young (6144K), 1 survivors (1024K)
 Metaspace       used 68385K, committed 70144K, reserved 1114112K
  class space    used 9390K, committed 10304K, reserved 1048576K
}

Dll operation events (3 events):
Event: 3.264 Loaded shared library C:\Program Files\Android\Android Studio\jbr\bin\java.dll
Event: 4.695 Loaded shared library C:\Program Files\Android\Android Studio\jbr\bin\zip.dll
Event: 35.636 Loaded shared library C:\Program Files\Android\Android Studio\jbr\bin\verify.dll

Deoptimization events (20 events):
Event: 457.212 Thread 0x000001fd64891990 DEOPT PACKING pc=0x000001fd5292d808 sp=0x00000027c2ff6fa0
Event: 457.245 Thread 0x000001fd64891990 DEOPT UNPACKING pc=0x000001fd52157da2 sp=0x00000027c2ff6f68 mode 2
Event: 457.875 Thread 0x000001fd64891990 Uncommon trap: trap_request=0xffffffc6 fr.pc=0x000001fd5292d808 relative=0x0000000000000e28
Event: 457.875 Thread 0x000001fd64891990 Uncommon trap: reason=bimorphic_or_optimized_type_check action=maybe_recompile pc=0x000001fd5292d808 method=java.util.HashMap.computeIfAbsent(Ljava/lang/Object;Ljava/util/function/Function;)Ljava/lang/Object; @ 142 c2
Event: 457.875 Thread 0x000001fd64891990 DEOPT PACKING pc=0x000001fd5292d808 sp=0x00000027c2ff6fa0
Event: 457.875 Thread 0x000001fd64891990 DEOPT UNPACKING pc=0x000001fd52157da2 sp=0x00000027c2ff6f68 mode 2
Event: 457.875 Thread 0x000001fd64891990 Uncommon trap: trap_request=0xffffffc6 fr.pc=0x000001fd5292d808 relative=0x0000000000000e28
Event: 457.875 Thread 0x000001fd64891990 Uncommon trap: reason=bimorphic_or_optimized_type_check action=maybe_recompile pc=0x000001fd5292d808 method=java.util.HashMap.computeIfAbsent(Ljava/lang/Object;Ljava/util/function/Function;)Ljava/lang/Object; @ 142 c2
Event: 457.875 Thread 0x000001fd64891990 DEOPT PACKING pc=0x000001fd5292d808 sp=0x00000027c2ff6fa0
Event: 457.875 Thread 0x000001fd64891990 DEOPT UNPACKING pc=0x000001fd52157da2 sp=0x00000027c2ff6f68 mode 2
Event: 457.875 Thread 0x000001fd64891990 Uncommon trap: trap_request=0xffffffc6 fr.pc=0x000001fd5292d808 relative=0x0000000000000e28
Event: 457.875 Thread 0x000001fd64891990 Uncommon trap: reason=bimorphic_or_optimized_type_check action=maybe_recompile pc=0x000001fd5292d808 method=java.util.HashMap.computeIfAbsent(Ljava/lang/Object;Ljava/util/function/Function;)Ljava/lang/Object; @ 142 c2
Event: 457.875 Thread 0x000001fd64891990 DEOPT PACKING pc=0x000001fd5292d808 sp=0x00000027c2ff6fa0
Event: 457.875 Thread 0x000001fd64891990 DEOPT UNPACKING pc=0x000001fd52157da2 sp=0x00000027c2ff6f68 mode 2
Event: 459.141 Thread 0x000001fd64891990 DEOPT PACKING pc=0x000001fd4b4bae46 sp=0x00000027c2ff6160
Event: 459.141 Thread 0x000001fd64891990 DEOPT UNPACKING pc=0x000001fd521588e2 sp=0x00000027c2ff56d0 mode 0
Event: 462.752 Thread 0x000001fd648933d0 Uncommon trap: trap_request=0xffffffc6 fr.pc=0x000001fd52714c08 relative=0x0000000000001e48
Event: 462.779 Thread 0x000001fd648933d0 Uncommon trap: reason=bimorphic_or_optimized_type_check action=maybe_recompile pc=0x000001fd52714c08 method=java.util.HashMap.putVal(ILjava/lang/Object;Ljava/lang/Object;ZZ)Ljava/lang/Object; @ 203 c2
Event: 462.779 Thread 0x000001fd648933d0 DEOPT PACKING pc=0x000001fd52714c08 sp=0x00000027c34ff120
Event: 462.779 Thread 0x000001fd648933d0 DEOPT UNPACKING pc=0x000001fd52157da2 sp=0x00000027c34fefd8 mode 2

Classes loaded (20 events):
Event: 406.508 Loading class java/util/IdentityHashMap$IdentityHashMapIterator done
Event: 406.508 Loading class java/util/IdentityHashMap$EntryIterator done
Event: 406.508 Loading class java/util/IdentityHashMap$EntryIterator$Entry
Event: 406.508 Loading class java/util/IdentityHashMap$EntryIterator$Entry done
Event: 408.814 Loading class java/lang/invoke/SerializedLambda$1
Event: 408.814 Loading class java/lang/invoke/SerializedLambda$1 done
Event: 409.314 Loading class org/xml/sax/Locator
Event: 409.316 Loading class org/xml/sax/Locator done
Event: 409.607 Loading class org/xml/sax/SAXParseException
Event: 409.684 Loading class org/xml/sax/SAXParseException done
Event: 409.686 Loading class org/xml/sax/Attributes
Event: 409.686 Loading class org/xml/sax/Attributes done
Event: 413.066 Loading class java/util/DualPivotQuicksort
Event: 413.066 Loading class java/util/DualPivotQuicksort done
Event: 418.782 Loading class java/util/function/LongUnaryOperator
Event: 418.845 Loading class java/util/function/LongUnaryOperator done
Event: 473.288 Loading class java/util/Collections$ReverseComparator
Event: 473.328 Loading class java/util/Collections$ReverseComparator done
Event: 473.335 Loading class java/util/Collections$ReverseComparator2
Event: 473.355 Loading class java/util/Collections$ReverseComparator2 done

Classes unloaded (0 events):
No events

Classes redefined (0 events):
No events

Internal exceptions (20 events):
Event: 436.182 Thread 0x000001fd64891990 Exception <a 'java/lang/ClassNotFoundException'{0x00000000865a0338}: org/gradle/accessors/dm/LibrariesForLibs_DecoratedCustomizer> (0x00000000865a0338) 
thrown [s\src\hotspot\share\classfile\systemDictionary.cpp, line 312]
Event: 436.188 Thread 0x000001fd64891990 Exception <a 'java/lang/ClassNotFoundException'{0x00000000865e5cf0}: org/gradle/accessors/dm/LibrariesForLibs$PluginAccessorsBeanInfo> (0x00000000865e5cf0) 
thrown [s\src\hotspot\share\classfile\systemDictionary.cpp, line 312]
Event: 436.189 Thread 0x000001fd64891990 Exception <a 'java/lang/ClassNotFoundException'{0x00000000865fbbb0}: org/gradle/api/internal/catalog/AbstractExternalDependencyFactory$PluginFactoryBeanInfo> (0x00000000865fbbb0) 
thrown [s\src\hotspot\share\classfile\systemDictionary.cpp, line 312]
Event: 436.190 Thread 0x000001fd64891990 Exception <a 'java/lang/ClassNotFoundException'{0x0000000086412058}: org/gradle/api/internal/catalog/AbstractExternalDependencyFactory$PluginFactoryCustomizer> (0x0000000086412058) 
thrown [s\src\hotspot\share\classfile\systemDictionary.cpp, line 312]
Event: 436.191 Thread 0x000001fd64891990 Exception <a 'java/lang/ClassNotFoundException'{0x0000000086424e48}: org/gradle/accessors/dm/LibrariesForLibs$PluginAccessorsCustomizer> (0x0000000086424e48) 
thrown [s\src\hotspot\share\classfile\systemDictionary.cpp, line 312]
Event: 436.195 Thread 0x000001fd64891990 Exception <a 'java/lang/ClassNotFoundException'{0x0000000086447550}: org/gradle/accessors/dm/LibrariesForLibs$AndroidPluginAccessorsBeanInfo> (0x0000000086447550) 
thrown [s\src\hotspot\share\classfile\systemDictionary.cpp, line 312]
Event: 436.195 Thread 0x000001fd64891990 Exception <a 'java/lang/ClassNotFoundException'{0x0000000086458d00}: org/gradle/accessors/dm/LibrariesForLibs$AndroidPluginAccessorsCustomizer> (0x0000000086458d00) 
thrown [s\src\hotspot\share\classfile\systemDictionary.cpp, line 312]
Event: 436.248 Thread 0x000001fd64891990 Exception <a 'java/lang/IncompatibleClassChangeError'{0x00000000864c78c8}: Found class java.lang.Object, but interface was expected> (0x00000000864c78c8) 
thrown [s\src\hotspot\share\interpreter\linkResolver.cpp, line 851]
Event: 436.389 Thread 0x000001fd64891990 Exception <a 'java/lang/NoSuchMethodError'{0x00000000864f6620}: static Lorg/gradle/api/internal/catalog/DefaultVersionCatalog;.<clinit>()V> (0x00000000864f6620) 
thrown [s\src\hotspot\share\prims\jni.cpp, line 1126]
Event: 436.665 Thread 0x000001fd64891990 Exception <a 'java/lang/NoSuchMethodError'{0x0000000086361578}: static [Ljava/lang/Object;.<clinit>()V> (0x0000000086361578) 
thrown [s\src\hotspot\share\prims\jni.cpp, line 1126]
Event: 436.668 Thread 0x000001fd64891990 Exception <a 'java/lang/NoSuchMethodError'{0x000000008638c068}: static Lorg/gradle/api/internal/catalog/DependencyModel;.<clinit>()V> (0x000000008638c068) 
thrown [s\src\hotspot\share\prims\jni.cpp, line 1126]
Event: 436.668 Thread 0x000001fd64891990 Exception <a 'java/lang/NoSuchMethodError'{0x000000008638ffd0}: static Lorg/gradle/api/internal/catalog/AbstractContextAwareModel;.<clinit>()V> (0x000000008638ffd0) 
thrown [s\src\hotspot\share\prims\jni.cpp, line 1126]
Event: 436.669 Thread 0x000001fd64891990 Exception <a 'java/lang/NoSuchMethodError'{0x00000000863ab828}: static Lorg/gradle/api/internal/artifacts/dependencies/AbstractVersionConstraint;.<clinit>()V> (0x00000000863ab828) 
thrown [s\src\hotspot\share\prims\jni.cpp, line 1126]
Event: 436.771 Thread 0x000001fd64891990 Exception <a 'java/lang/NoSuchMethodError'{0x000000008625e2b8}: static Lorg/gradle/api/internal/catalog/PluginModel;.<clinit>()V> (0x000000008625e2b8) 
thrown [s\src\hotspot\share\prims\jni.cpp, line 1126]
Event: 436.774 Thread 0x000001fd64891990 Exception <a 'java/lang/NoSuchMethodError'{0x00000000862779f8}: static Lorg/gradle/api/internal/catalog/VersionModel;.<clinit>()V> (0x00000000862779f8) 
thrown [s\src\hotspot\share\prims\jni.cpp, line 1126]
Event: 437.559 Thread 0x000001fd64891990 Exception <a 'java/lang/ClassNotFoundException'{0x000000008612ed18}: org/gradle/plugin/use/internal/PluginRequestCollector$PluginDependencySpecImplBeanInfo> (0x000000008612ed18) 
thrown [s\src\hotspot\share\classfile\systemDictionary.cpp, line 312]
Event: 437.560 Thread 0x000001fd64891990 Exception <a 'java/lang/ClassNotFoundException'{0x00000000861423f8}: org/gradle/plugin/use/internal/PluginRequestCollector$PluginDependencySpecImplCustomizer> (0x00000000861423f8) 
thrown [s\src\hotspot\share\classfile\systemDictionary.cpp, line 312]
Event: 451.741 Thread 0x000001fd64891990 Exception <a 'java/lang/NoSuchMethodError'{0x0000000085eebfc8}: 'int java.lang.invoke.DirectMethodHandle$Holder.invokeSpecialIFC(java.lang.Object, java.lang.Object, java.lang.Object)'> (0x0000000085eebfc8) 
thrown [s\src\hotspot\share\interpreter\linkResolver.cpp, line 784]
Event: 453.433 Thread 0x000001fd64891990 Exception <a 'java/lang/NoSuchMethodError'{0x00000000854b0128}: 'java.lang.Object java.lang.invoke.DirectMethodHandle$Holder.invokeSpecial(java.lang.Object, java.lang.Object, java.lang.Object, java.lang.Object, java.lang.Object, long)'> (0x00000000854b0128) 
thrown [s\src\hotspot\share\interpreter\linkResolver.cpp, line 784]
Event: 453.465 Thread 0x000001fd64891990 Exception <a 'java/lang/NoSuchMethodError'{0x00000000854d0c80}: 'void java.lang.invoke.DirectMethodHandle$Holder.invokeStatic(java.lang.Object, java.lang.Object, java.lang.Object, int, java.lang.Object)'> (0x00000000854d0c80) 
thrown [s\src\hotspot\share\interpreter\linkResolver.cpp, line 784]

ZGC Phase Switch (0 events):
No events

VM Operations (20 events):
Event: 462.585 Executing VM operation: G1CollectForAllocation (G1 Evacuation Pause) done
Event: 463.588 Executing VM operation: Cleanup
Event: 463.672 Executing VM operation: Cleanup done
Event: 464.170 Executing VM operation: G1CollectForAllocation (G1 Evacuation Pause)
Event: 466.826 Executing VM operation: G1CollectForAllocation (G1 Evacuation Pause) done
Event: 467.826 Executing VM operation: Cleanup
Event: 467.910 Executing VM operation: Cleanup done
Event: 468.910 Executing VM operation: Cleanup
Event: 468.923 Executing VM operation: Cleanup done
Event: 469.923 Executing VM operation: Cleanup
Event: 470.091 Executing VM operation: Cleanup done
Event: 470.334 Executing VM operation: G1CollectForAllocation (G1 Evacuation Pause)
Event: 470.350 Executing VM operation: G1CollectForAllocation (G1 Evacuation Pause) done
Event: 472.349 Executing VM operation: Cleanup
Event: 472.396 Executing VM operation: Cleanup done
Event: 473.396 Executing VM operation: Cleanup
Event: 473.418 Executing VM operation: Cleanup done
Event: 474.318 Executing VM operation: G1PauseRemark
Event: 476.632 Executing VM operation: G1PauseRemark done
Event: 476.753 Executing VM operation: G1CollectForAllocation (G1 Evacuation Pause)

Events (20 events):
Event: 476.229 Thread 0x000001fd47b4d1c0 flushing nmethod 0x000001fd528dd110
Event: 476.229 Thread 0x000001fd47b4d1c0 flushing nmethod 0x000001fd528bf210
Event: 476.229 Thread 0x000001fd47b4d1c0 flushing nmethod 0x000001fd528baf90
Event: 476.229 Thread 0x000001fd47b4d1c0 flushing nmethod 0x000001fd528b9c10
Event: 476.229 Thread 0x000001fd47b4d1c0 flushing nmethod 0x000001fd5289b810
Event: 476.229 Thread 0x000001fd47b4d1c0 flushing nmethod 0x000001fd5288f510
Event: 476.229 Thread 0x000001fd47b4d1c0 flushing nmethod 0x000001fd52891710
Event: 476.229 Thread 0x000001fd47b4d1c0 flushing nmethod 0x000001fd52861510
Event: 476.256 Thread 0x000001fd47b4d1c0 flushing nmethod 0x000001fd52828610
Event: 476.256 Thread 0x000001fd47b4d1c0 flushing nmethod 0x000001fd527f1810
Event: 476.257 Thread 0x000001fd47b4d1c0 flushing nmethod 0x000001fd527de790
Event: 476.295 Thread 0x000001fd47b4d1c0 flushing nmethod 0x000001fd527b0490
Event: 476.295 Thread 0x000001fd47b4d1c0 flushing nmethod 0x000001fd5279cb10
Event: 476.295 Thread 0x000001fd47b4d1c0 flushing nmethod 0x000001fd5276db90
Event: 476.295 Thread 0x000001fd47b4d1c0 flushing nmethod 0x000001fd52782810
Event: 476.295 Thread 0x000001fd47b4d1c0 flushing nmethod 0x000001fd52773e10
Event: 476.295 Thread 0x000001fd47b4d1c0 flushing nmethod 0x000001fd52755110
Event: 476.295 Thread 0x000001fd47b4d1c0 flushing nmethod 0x000001fd52718790
Event: 476.295 Thread 0x000001fd47b4d1c0 flushing nmethod 0x000001fd526daf90
Event: 476.295 Thread 0x000001fd47b4d1c0 flushing nmethod 0x000001fd526cb510


Dynamic libraries:
0x00007ff7b2870000 - 0x00007ff7b287a000 	C:\Program Files\Android\Android Studio\jbr\bin\java.exe
0x00007ffbff320000 - 0x00007ffbff4ef000 	C:\Windows\SYSTEM32\ntdll.dll
0x00007ffbff260000 - 0x00007ffbff30d000 	C:\Windows\System32\KERNEL32.DLL
0x00007ffbfc500000 - 0x00007ffbfc71e000 	C:\Windows\System32\KERNELBASE.dll
0x00007ffbfbbf0000 - 0x00007ffbfbce4000 	C:\Windows\System32\ucrtbase.dll
0x00007ffbf5930000 - 0x00007ffbf5948000 	C:\Program Files\Android\Android Studio\jbr\bin\jli.dll
0x00007ffbf4480000 - 0x00007ffbf449b000 	C:\Program Files\Android\Android Studio\jbr\bin\VCRUNTIME140.dll
0x00007ffbfefe0000 - 0x00007ffbff146000 	C:\Windows\System32\USER32.dll
0x00007ffbfc8a0000 - 0x00007ffbfc8be000 	C:\Windows\System32\win32u.dll
0x00007ffbfdfd0000 - 0x00007ffbfe004000 	C:\Windows\System32\GDI32.dll
0x00007ffbfb7b0000 - 0x00007ffbfb934000 	C:\Windows\System32\gdi32full.dll
0x00007ffbf3e60000 - 0x00007ffbf40da000 	C:\Windows\WinSxS\amd64_microsoft.windows.common-controls_6595b64144ccf1df_6.0.14393.7330_none_7dde8d868343775b\COMCTL32.dll
0x00007ffbfe780000 - 0x00007ffbfe81e000 	C:\Windows\System32\msvcrt.dll
0x00007ffbfe350000 - 0x00007ffbfe617000 	C:\Windows\System32\combase.dll
0x00007ffbfe820000 - 0x00007ffbfe93b000 	C:\Windows\System32\RPCRT4.dll
0x00007ffbfc780000 - 0x00007ffbfc7ec000 	C:\Windows\System32\bcryptPrimitives.dll
0x00007ffbfee80000 - 0x00007ffbfeeae000 	C:\Windows\System32\IMM32.DLL
0x00007ffbf5900000 - 0x00007ffbf590c000 	C:\Program Files\Android\Android Studio\jbr\bin\vcruntime140_1.dll
0x00007ffbf57f0000 - 0x00007ffbf587d000 	C:\Program Files\Android\Android Studio\jbr\bin\msvcp140.dll
0x00007ffbeccf0000 - 0x00007ffbed96d000 	C:\Program Files\Android\Android Studio\jbr\bin\server\jvm.dll
0x00007ffbfeeb0000 - 0x00007ffbfef57000 	C:\Windows\System32\ADVAPI32.dll
0x00007ffbfe2f0000 - 0x00007ffbfe34d000 	C:\Windows\System32\sechost.dll
0x00007ffbfc4d0000 - 0x00007ffbfc4fb000 	C:\Windows\System32\bcrypt.dll
0x00007ffbfb730000 - 0x00007ffbfb77c000 	C:\Windows\System32\POWRPROF.dll
0x00007ffbff150000 - 0x00007ffbff1ba000 	C:\Windows\System32\WS2_32.dll
0x00007ffbf9980000 - 0x00007ffbf99a3000 	C:\Windows\SYSTEM32\WINMM.dll
0x00007ffbf2760000 - 0x00007ffbf276a000 	C:\Windows\SYSTEM32\VERSION.dll
0x00007ffbf9920000 - 0x00007ffbf994b000 	C:\Windows\SYSTEM32\WINMMBASE.dll
0x00007ffbfbcf0000 - 0x00007ffbfbd32000 	C:\Windows\System32\cfgmgr32.dll
0x00007ffbfb780000 - 0x00007ffbfb78f000 	C:\Windows\System32\kernel.appcore.dll
0x00007ffbf58f0000 - 0x00007ffbf58fa000 	C:\Program Files\Android\Android Studio\jbr\bin\jimage.dll
0x00007ffbeaf30000 - 0x00007ffbeb0c2000 	C:\Windows\SYSTEM32\DBGHELP.DLL
0x00007ffbf33a0000 - 0x00007ffbf33c9000 	C:\Windows\SYSTEM32\dbgcore.DLL
0x00007ffbf5c90000 - 0x00007ffbf5c9e000 	C:\Program Files\Android\Android Studio\jbr\bin\instrument.dll
0x00007ffbf43f0000 - 0x00007ffbf440f000 	C:\Program Files\Android\Android Studio\jbr\bin\java.dll
0x00007ffbf43d0000 - 0x00007ffbf43e8000 	C:\Program Files\Android\Android Studio\jbr\bin\zip.dll
0x00007ffbfcac0000 - 0x00007ffbfdfc6000 	C:\Windows\System32\SHELL32.dll
0x00007ffbfbdf0000 - 0x00007ffbfc4c3000 	C:\Windows\System32\windows.storage.dll
0x00007ffbfc8c0000 - 0x00007ffbfc912000 	C:\Windows\System32\shlwapi.dll
0x00007ffbfc7f0000 - 0x00007ffbfc898000 	C:\Windows\System32\shcore.dll
0x00007ffbfb790000 - 0x00007ffbfb7a4000 	C:\Windows\System32\profapi.dll
0x00007ffbf4470000 - 0x00007ffbf4480000 	C:\Program Files\Android\Android Studio\jbr\bin\net.dll
0x00007ffbf82e0000 - 0x00007ffbf83ad000 	C:\Windows\SYSTEM32\WINHTTP.dll
0x00007ffbfb010000 - 0x00007ffbfb06d000 	C:\Windows\system32\mswsock.dll
0x00007ffbf3df0000 - 0x00007ffbf3e06000 	C:\Program Files\Android\Android Studio\jbr\bin\nio.dll
0x00007ffbf3370000 - 0x00007ffbf3380000 	C:\Program Files\Android\Android Studio\jbr\bin\verify.dll
0x00007ffbf5880000 - 0x00007ffbf58a7000 	C:\Users\Administrator\.gradle\native\c067742578af261105cb4f569cf0c3c89f3d7b1fecec35dd04571415982c5e48\windows-amd64\native-platform.dll
0x00007ffbf35d0000 - 0x00007ffbf35d9000 	C:\Program Files\Android\Android Studio\jbr\bin\management.dll
0x00007ffbf3390000 - 0x00007ffbf339b000 	C:\Program Files\Android\Android Studio\jbr\bin\management_ext.dll
0x00007ffbfea40000 - 0x00007ffbfea48000 	C:\Windows\System32\PSAPI.DLL
0x00007ffbfb1c0000 - 0x00007ffbfb1d7000 	C:\Windows\SYSTEM32\CRYPTSP.dll
0x00007ffbfab80000 - 0x00007ffbfabb3000 	C:\Windows\system32\rsaenh.dll
0x00007ffbfae80000 - 0x00007ffbfaea0000 	C:\Windows\SYSTEM32\USERENV.dll
0x00007ffbfb1e0000 - 0x00007ffbfb1eb000 	C:\Windows\SYSTEM32\CRYPTBASE.dll
0x00007ffbfad40000 - 0x00007ffbfad78000 	C:\Windows\SYSTEM32\IPHLPAPI.DLL
0x00007ffbff310000 - 0x00007ffbff318000 	C:\Windows\System32\NSI.dll
0x00007ffbf3a30000 - 0x00007ffbf3a39000 	C:\Program Files\Android\Android Studio\jbr\bin\extnet.dll

dbghelp: loaded successfully - version: 4.0.5 - missing functions: none
symbol engine: initialized successfully - sym options: 0x614 - pdb path: .;C:\Program Files\Android\Android Studio\jbr\bin;C:\Windows\SYSTEM32;C:\Windows\WinSxS\amd64_microsoft.windows.common-controls_6595b64144ccf1df_6.0.14393.7330_none_7dde8d868343775b;C:\Program Files\Android\Android Studio\jbr\bin\server;C:\Users\Administrator\.gradle\native\c067742578af261105cb4f569cf0c3c89f3d7b1fecec35dd04571415982c5e48\windows-amd64

VM Arguments:
jvm_args: --add-opens=java.base/java.lang=ALL-UNNAMED --add-opens=java.base/java.lang.invoke=ALL-UNNAMED --add-opens=java.base/java.util=ALL-UNNAMED --add-opens=java.prefs/java.util.prefs=ALL-UNNAMED --add-exports=jdk.compiler/com.sun.tools.javac.api=ALL-UNNAMED --add-exports=jdk.compiler/com.sun.tools.javac.util=ALL-UNNAMED --add-opens=java.base/java.util=ALL-UNNAMED --add-opens=java.prefs/java.util.prefs=ALL-UNNAMED --add-opens=java.base/java.nio.charset=ALL-UNNAMED --add-opens=java.base/java.net=ALL-UNNAMED --add-opens=java.base/java.util.concurrent.atomic=ALL-UNNAMED --add-opens=java.xml/javax.xml.namespace=ALL-UNNAMED -Xmx2048m -Dfile.encoding=UTF-8 -Duser.country=US -Duser.language=en -Duser.variant -javaagent:C:\Users\Administrator\.gradle\wrapper\dists\gradle-8.11.1-bin\bpt9gzteqjrbo1mjrsomdt32c\gradle-8.11.1\lib\agents\gradle-instrumentation-agent-8.11.1.jar 
java_command: org.gradle.launcher.daemon.bootstrap.GradleDaemon 8.11.1
java_class_path (initial): C:\Users\Administrator\.gradle\wrapper\dists\gradle-8.11.1-bin\bpt9gzteqjrbo1mjrsomdt32c\gradle-8.11.1\lib\gradle-daemon-main-8.11.1.jar
Launcher Type: SUN_STANDARD

[Global flags]
     intx CICompilerCount                          = 2                                         {product} {ergonomic}
     uint ConcGCThreads                            = 1                                         {product} {ergonomic}
     uint G1ConcRefinementThreads                  = 2                                         {product} {ergonomic}
   size_t G1HeapRegionSize                         = 1048576                                   {product} {ergonomic}
    uintx GCDrainStackTargetSize                   = 64                                        {product} {ergonomic}
   size_t InitialHeapSize                          = 33554432                                  {product} {ergonomic}
   size_t MarkStackSize                            = 4194304                                   {product} {ergonomic}
   size_t MaxHeapSize                              = 2147483648                                {product} {command line}
   size_t MaxNewSize                               = 1287651328                                {product} {ergonomic}
   size_t MinHeapDeltaBytes                        = 1048576                                   {product} {ergonomic}
   size_t MinHeapSize                              = 8388608                                   {product} {ergonomic}
    uintx NonNMethodCodeHeapSize                   = 5826188                                {pd product} {ergonomic}
    uintx NonProfiledCodeHeapSize                  = 122916026                              {pd product} {ergonomic}
    uintx ProfiledCodeHeapSize                     = 122916026                              {pd product} {ergonomic}
    uintx ReservedCodeCacheSize                    = 251658240                              {pd product} {ergonomic}
     bool SegmentedCodeCache                       = true                                      {product} {ergonomic}
   size_t SoftMaxHeapSize                          = 2147483648                             {manageable} {ergonomic}
     bool UseCompressedOops                        = true                           {product lp64_product} {ergonomic}
     bool UseG1GC                                  = true                                      {product} {ergonomic}
     bool UseLargePagesIndividualAllocation        = false                                  {pd product} {ergonomic}

Logging:
Log output configuration:
 #0: stdout all=warning uptime,level,tags foldmultilines=false
 #1: stderr all=off uptime,level,tags foldmultilines=false

Environment Variables:
JAVA_HOME=C:\Program Files\Android\Android Studio\jbr
PATH=C:\Windows\system32;C:\Windows;C:\Windows\System32\Wbem;C:\Windows\System32\WindowsPowerShell\v1.0\;C:\Program Files\Amazon\cfn-bootstrap\;C:\Program Files\Git\cmd;C:\Program Files\Go\bin;C:\Users\Administrator\AppData\Local\Microsoft\WindowsApps;C:\Users\Administrator\go\bin;C:\w64devkit\bin;C:\Program Files\Android\Android Studio\jbr\bin
USERNAME=Administrator
OS=Windows_NT
PROCESSOR_IDENTIFIER=Intel64 Family 6 Model 85 Stepping 7, GenuineIntel
TMP=C:\Users\ADMINI~1\AppData\Local\Temp\2
TEMP=C:\Users\ADMINI~1\AppData\Local\Temp\2




Periodic native trim disabled

JNI global refs:
JNI global refs: 20, weak refs: 0

JNI global refs memory usage: 835, weak refs: 833

Process memory usage:
Resident Set Size: 218156K (10% of 2057756K total physical memory with 36184K free physical memory)

OOME stack traces (most recent first):
Classloader memory used:
Loader org.gradle.internal.classloader.VisitableURLClassLoader                         : 31991K
Loader bootstrap                                                                       : 23153K
Loader org.gradle.initialization.MixInLegacyTypesClassLoader                           : 10464K
Loader org.gradle.internal.classloader.VisitableURLClassLoader                         : 839K
Loader org.gradle.internal.classloader.VisitableURLClassLoader$InstrumentingVisitableURLClassLoader: 690K
Loader jdk.internal.loader.ClassLoaders$PlatformClassLoader                            : 513K
Loader jdk.internal.reflect.DelegatingClassLoader                                      : 265K
Loader jdk.internal.loader.ClassLoaders$AppClassLoader                                 : 232K
Loader org.gradle.groovy.scripts.internal.DefaultScriptCompilationHandler$ScriptClassLoader: 176K
Loader org.codehaus.groovy.runtime.callsite.CallSiteClassLoader                        : 59184B

Classes loaded by more than one classloader:
Class org.gradle.api.GradleException                                                  : loaded 3 times (x 79B)
Class org.gradle.internal.classloader.ClassLoaderHierarchy                            : loaded 2 times (x 67B)
Class org.gradle.api.internal.classpath.ManifestUtil                                  : loaded 2 times (x 68B)
Class org.jetbrains.plugins.gradle.model.GradleExtensions                             : loaded 2 times (x 67B)
Class org.jetbrains.plugins.gradle.model.AnnotationProcessingModel                    : loaded 2 times (x 67B)
Class org.gradle.internal.operations.MultipleBuildOperationFailures                   : loaded 2 times (x 92B)
Class org.jetbrains.kotlin.idea.gradleTooling.model.noarg.NoArgModel                  : loaded 2 times (x 67B)
Class org.gradle.internal.classloader.DefaultClassLoaderFactory                       : loaded 2 times (x 79B)
Class kotlin.collections.AbstractList$Companion                                       : loaded 2 times (x 68B)
Class org.gradle.internal.classloader.ClassLoaderVisitor                              : loaded 2 times (x 73B)
Class org.gradle.api.internal.classpath.EffectiveClassPath                            : loaded 2 times (x 87B)
Class org.gradle.tooling.internal.gradle.DefaultProjectIdentifier                     : loaded 2 times (x 83B)
Class org.jetbrains.kotlin.idea.gradleTooling.model.allopen.AllOpenModel              : loaded 2 times (x 67B)
Class org.gradle.api.internal.DefaultClassPathProvider                                : loaded 2 times (x 73B)
Class [Lorg.gradle.api.internal.ClassPathProvider;                                    : loaded 2 times (x 66B)
Class org.gradle.api.internal.ClassPathProvider                                       : loaded 2 times (x 67B)
Class org.gradle.internal.service.UnknownServiceException                             : loaded 2 times (x 80B)
Class org.jetbrains.kotlin.idea.gradleTooling.KotlinDslScriptAdditionalTask           : loaded 2 times (x 67B)
Class org.gradle.internal.classpath.TransformedClassPath                              : loaded 2 times (x 93B)
Class org.gradle.internal.classloader.InstrumentingClassLoader                        : loaded 2 times (x 67B)
Class kotlin.enums.EnumEntriesList                                                    : loaded 2 times (x 220B)
Class org.jetbrains.plugins.gradle.model.IntelliJSettings                             : loaded 2 times (x 67B)
Class org.jetbrains.kotlin.idea.gradleTooling.KotlinSourceSetContainer                : loaded 2 times (x 67B)
Class org.gradle.internal.service.ServiceLocator                                      : loaded 2 times (x 67B)
Class org.jetbrains.kotlin.android.synthetic.idea.AndroidExtensionsGradleModel        : loaded 2 times (x 67B)
Class org.gradle.tooling.model.UnsupportedMethodException                             : loaded 2 times (x 79B)
Class org.gradle.internal.InternalTransformer                                         : loaded 2 times (x 67B)
Class org.gradle.internal.time.DefaultTimer                                           : loaded 2 times (x 77B)
Class org.gradle.internal.classloader.ClasspathUtil$1                                 : loaded 2 times (x 73B)
Class org.gradle.api.internal.classpath.DefaultModuleRegistry$DefaultModule           : loaded 2 times (x 83B)
Class org.jetbrains.kotlin.idea.gradleTooling.model.lombok.LombokModel                : loaded 2 times (x 67B)
Class org.gradle.internal.time.DefaultCountdownTimer                                  : loaded 2 times (x 85B)
Class org.gradle.tooling.internal.gradle.DefaultBuildIdentifier                       : loaded 2 times (x 76B)
Class kotlin.Function                                                                 : loaded 2 times (x 67B)
Class org.gradle.api.internal.classpath.Module                                        : loaded 2 times (x 67B)
Class org.gradle.api.internal.classpath.UnknownModuleException                        : loaded 2 times (x 79B)
Class com.intellij.openapi.externalSystem.model.project.dependencies.ProjectDependencies: loaded 2 times (x 67B)
Class org.gradle.tooling.internal.gradle.GradleProjectIdentity                        : loaded 2 times (x 67B)
Class org.gradle.api.internal.DefaultClassPathRegistry                                : loaded 2 times (x 73B)
Class settings_e81j4x9wuekkbqb2hl7oht021                                              : loaded 2 times (x 176B)
Class org.gradle.api.internal.ClassPathRegistry                                       : loaded 2 times (x 67B)
Class org.gradle.internal.classpath.DefaultClassPath$ImmutableUniqueList              : loaded 2 times (x 196B)
Class org.gradle.internal.classpath.ClassPath                                         : loaded 2 times (x 67B)
Class org.gradle.api.UncheckedIOException                                             : loaded 2 times (x 79B)
Class org.jetbrains.kotlin.idea.gradleTooling.KotlinGradleModel                       : loaded 2 times (x 67B)
Class org.gradle.tooling.model.Model                                                  : loaded 2 times (x 67B)
Class settings_e81j4x9wuekkbqb2hl7oht021$_run_closure1$_closure2$_closure3            : loaded 2 times (x 136B)
Class kotlin.UninitializedPropertyAccessException                                     : loaded 2 times (x 79B)
Class org.jetbrains.plugins.gradle.model.IntelliJProjectSettings                      : loaded 2 times (x 67B)
Class org.jetbrains.kotlin.idea.gradleTooling.model.annotation.AnnotationBasedPluginModel: loaded 2 times (x 67B)
Class org.gradle.internal.installation.GradleInstallation$1                           : loaded 2 times (x 72B)
Class org.gradle.api.internal.classpath.ModuleRegistry                                : loaded 2 times (x 67B)
Class org.jetbrains.plugins.gradle.model.VersionCatalogsModel                         : loaded 2 times (x 67B)
Class org.gradle.api.internal.classpath.DefaultModuleRegistry                         : loaded 2 times (x 83B)
Class org.gradle.internal.time.MonotonicClock                                         : loaded 2 times (x 74B)
Class org.gradle.internal.service.ServiceLookupException                              : loaded 2 times (x 79B)
Class org.gradle.internal.classloader.ClassLoaderFactory                              : loaded 2 times (x 67B)
Class org.gradle.internal.service.CachingServiceLocator                               : loaded 2 times (x 79B)
Class org.jetbrains.plugins.gradle.model.RepositoryModels                             : loaded 2 times (x 67B)
Class org.gradle.internal.time.TimeSource                                             : loaded 2 times (x 67B)
Class org.gradle.tooling.internal.gradle.GradleBuildIdentity                          : loaded 2 times (x 67B)
Class kotlin.enums.EnumEntries                                                        : loaded 2 times (x 67B)
Class org.gradle.internal.exceptions.ResolutionProvider                               : loaded 2 times (x 67B)
Class org.gradle.tooling.model.ProjectIdentifier                                      : loaded 2 times (x 67B)
Class org.gradle.internal.classloader.ClasspathUtil                                   : loaded 2 times (x 68B)
Class org.gradle.internal.time.TimeSource$1                                           : loaded 2 times (x 74B)
Class kotlin.jvm.internal.DefaultConstructorMarker                                    : loaded 2 times (x 68B)
Class org.gradle.api.specs.Spec                                                       : loaded 2 times (x 67B)
Class org.gradle.internal.time.Clock                                                  : loaded 2 times (x 67B)
Class org.jetbrains.plugins.gradle.model.jar.JarTaskManifestConfiguration             : loaded 2 times (x 67B)
Class ijInit4_ijxhafhjf4m9tjrokonewm6b                                                : loaded 2 times (x 176B)
Class kotlin.collections.AbstractList                                                 : loaded 2 times (x 194B)
Class kotlin.collections.AbstractCollection                                           : loaded 2 times (x 114B)
Class org.gradle.internal.classloader.VisitableURLClassLoader$InstrumentingVisitableURLClassLoader: loaded 2 times (x 120B)
Class org.gradle.internal.classloader.VisitableURLClassLoader$Spec                    : loaded 2 times (x 71B)
Class org.gradle.internal.classpath.DefaultClassPath                                  : loaded 2 times (x 87B)
Class org.gradle.internal.classloader.ClassLoaderSpec                                 : loaded 2 times (x 68B)
Class org.gradle.internal.classloader.VisitableURLClassLoader                         : loaded 2 times (x 114B)
Class org.gradle.internal.Cast                                                        : loaded 2 times (x 68B)
Class org.gradle.api.Action                                                           : loaded 2 times (x 67B)
Class kotlin.jvm.functions.Function1                                                  : loaded 2 times (x 67B)
Class org.gradle.internal.classpath.DefaultClassPath$ImmutableUniqueList$Builder      : loaded 2 times (x 72B)
Class org.jetbrains.kotlin.idea.gradleTooling.model.samWithReceiver.SamWithReceiverModel: loaded 2 times (x 67B)
Class org.gradle.internal.classloader.FilteringClassLoader                            : loaded 2 times (x 102B)
Class org.gradle.internal.exceptions.NonGradleCauseExceptionsHolder                   : loaded 2 times (x 67B)
Class settings_e81j4x9wuekkbqb2hl7oht021$_run_closure1$_closure2                      : loaded 2 times (x 136B)
Class org.jetbrains.kotlin.idea.gradleTooling.model.assignment.AssignmentModel        : loaded 2 times (x 67B)
Class kotlin.enums.EnumEntriesKt                                                      : loaded 2 times (x 68B)
Class org.gradle.internal.IoActions                                                   : loaded 2 times (x 68B)
Class org.gradle.internal.classloader.SystemClassLoaderSpec                           : loaded 2 times (x 68B)
Class org.gradle.internal.exceptions.MultiCauseException                              : loaded 2 times (x 67B)
Class org.gradle.internal.time.CountdownTimer                                         : loaded 2 times (x 67B)
Class kotlin.jvm.internal.Intrinsics                                                  : loaded 2 times (x 68B)
Class org.jetbrains.kotlin.idea.gradleTooling.model.parcelize.ParcelizeGradleModel    : loaded 2 times (x 67B)
Class org.gradle.tooling.model.ProjectModel                                           : loaded 2 times (x 67B)
Class kotlin.KotlinNullPointerException                                               : loaded 2 times (x 80B)
Class org.jetbrains.plugins.gradle.model.tests.ExternalTestsModel                     : loaded 2 times (x 67B)
Class org.gradle.internal.exceptions.DefaultMultiCauseException                       : loaded 2 times (x 92B)
Class org.gradle.internal.time.Time                                                   : loaded 2 times (x 68B)
Class org.jetbrains.plugins.gradle.model.DependencyAccessorsModel                     : loaded 2 times (x 67B)
Class org.gradle.api.internal.classpath.GlobalCacheRootsProvider                      : loaded 2 times (x 67B)
Class org.jetbrains.kotlin.idea.gradleTooling.KotlinMPPGradleModel                    : loaded 2 times (x 67B)
Class org.gradle.tooling.model.BuildIdentifier                                        : loaded 2 times (x 67B)
Class org.jetbrains.kotlin.idea.gradleTooling.PrepareKotlinIdeImportTaskModel         : loaded 2 times (x 67B)
Class settings_e81j4x9wuekkbqb2hl7oht021$_run_closure1                                : loaded 2 times (x 136B)
Class org.gradle.internal.time.Timer                                                  : loaded 2 times (x 67B)
Class kotlin.jvm.internal.markers.KMappedMarker                                       : loaded 2 times (x 67B)
Class org.gradle.internal.installation.CurrentGradleInstallationLocator               : loaded 2 times (x 68B)
Class sync_studio_tooling1_er2mb3vzufj7c3jhgi9m0dpmp                                  : loaded 2 times (x 176B)
Class org.gradle.internal.service.DefaultServiceLocator                               : loaded 2 times (x 80B)
Class org.gradle.util.GradleVersion                                                   : loaded 2 times (x 80B)
Class org.gradle.internal.installation.CurrentGradleInstallation                      : loaded 2 times (x 70B)
Class org.gradle.util.internal.GUtil                                                  : loaded 2 times (x 68B)
Class org.gradle.internal.installation.GradleInstallation                             : loaded 2 times (x 72B)

---------------  S Y S T E M  ---------------

OS:
 Windows Server 2016 , 64 bit Build 14393 (10.0.14393.7330)
OS uptime: 2 days 22:35 hours
KVM virtualization detected

CPU: total 2 (initial active 2) (1 cores per cpu, 2 threads per core) family 6 model 85 stepping 7 microcode 0x5003707, cx8, cmov, fxsr, ht, mmx, 3dnowpref, sse, sse2, sse3, ssse3, sse4.1, sse4.2, popcnt, lzcnt, tsc, tscinvbit, avx, avx2, aes, erms, clmul, bmi1, bmi2, adx, avx512f, avx512dq, avx512cd, avx512bw, avx512vl, fma, vzeroupper, clflush, clflushopt, clwb, hv, rdtscp, f16c, pku
Processor Information for all 2 processors :
  Max Mhz: 2500, Current Mhz: 2500, Mhz Limit: 2500

Memory: 4k page, system-wide physical 2009M (39M free)
TotalPageFile size 8111M (AvailPageFile size 149M)
current process WorkingSet (physical memory assigned to process): 199M, peak: 259M
current process commit charge ("private bytes"): 340M, peak: 596M

vm_info: OpenJDK 64-Bit Server VM (21.0.3+-12282718-b509.11) for windows-amd64 JRE (21.0.3+-12282718-b509.11), built on 2024-08-27T17:34:15Z by "builder" with MS VC++ 16.10 / 16.11 (VS2019)

END.
